Arguments: 
  /usr/local/Cellar/node/14.12.0/bin/node /usr/local/Cellar/yarn/1.22.5/libexec/bin/yarn.js add -D ts-node

PATH: 
  /usr/local/bin:/usr/bin:/bin:/usr/sbin:/sbin:/usr/local/share/dotnet:~/.dotnet/tools:/Library/Frameworks/Mono.framework/Versions/Current/Commands:/Users/admin/opt/anaconda3/bin:/Users/admin/opt/anaconda3/condabin:/Users/admin/.npm-packages/bin:/usr/local/sbin:/Users/admin/opt/spark-2.4.5-bin-hadoop2.7/bin:/Users/admin/Library/Python/2.7/bin

Yarn version: 
  1.22.5

Node version: 
  14.12.0

Platform: 
  darwin x64

Trace: 
  SyntaxError: /Users/admin/Programs/Projects/React/lireddit-server/package.json: Unexpected token } in JSON at position 131
      at JSON.parse (<anonymous>)
      at /usr/local/Cellar/yarn/1.22.5/libexec/lib/cli.js:1625:59
      at Generator.next (<anonymous>)
      at step (/usr/local/Cellar/yarn/1.22.5/libexec/lib/cli.js:310:30)
      at /usr/local/Cellar/yarn/1.22.5/libexec/lib/cli.js:321:13

npm manifest: 
  {
    "name": "lireddit-server",
    "version": "1.0.0",
    "description": "learn react",
    "main": "index.js",
    "scripts": {
      ""
    },
    "keywords": [],
    "author": "",
    "license": "ISC",
    "devDependencies": {
      "@types/node": "^14.11.2",
      "typescript": "^4.0.3"
    }
  }

yarn manifest: 
  No manifest

Lockfile: 
  # THIS IS AN AUTOGENERATED FILE. DO NOT EDIT THIS FILE DIRECTLY.
  # yarn lockfile v1
  
  
  "@types/node@^14.11.2":
    version "14.11.2"
    resolved "https://registry.yarnpkg.com/@types/node/-/node-14.11.2.tgz#2de1ed6670439387da1c9f549a2ade2b0a799256"
    integrity sha512-jiE3QIxJ8JLNcb1Ps6rDbysDhN4xa8DJJvuC9prr6w+1tIh+QAbYyNF3tyiZNLDBIuBCf4KEcV2UvQm/V60xfA==
  
  typescript@^4.0.3:
    version "4.0.3"
    resolved "https://registry.yarnpkg.com/typescript/-/typescript-4.0.3.tgz#153bbd468ef07725c1df9c77e8b453f8d36abba5"
    integrity sha512-tEu6DGxGgRJPb/mVPIZ48e69xCn2yRmCgYmDugAVwmJ6o+0u1RI18eO7E7WBTLYLaEVVOhwQmcdhQHweux/WPg==
